<?xml version="1.0" encoding="UTF-8"?>
<testng-results skipped="0" failed="0" ignored="0" total="1" passed="1">
  <reporter-output>
  </reporter-output>
  <suite name="InetBanking" duration-ms="16575" started-at="2020-04-21T02:21:07 IST" finished-at="2020-04-21T02:21:24 IST">
    <groups>
    </groups>
    <test name="Banking Application" duration-ms="16575" started-at="2020-04-21T02:21:07 IST" finished-at="2020-04-21T02:21:24 IST">
      <class name="com.inetBanking.Testcases.TC_AddCustomerTest_003">
        <test-method status="PASS" signature="Setup(java.lang.String)[pri:0, instance:com.inetBanking.Testcases.TC_AddCustomerTest_003@1e469dfd]" name="Setup" is-config="true" duration-ms="5829" started-at="2020-04-21T02:21:07 IST" finished-at="2020-04-21T02:21:13 IST">
          <params>
            <param index="0">
              <value>
                <![CDATA[chrome]]>
              </value>
            </param>
          </params>
          <reporter-output>
          </reporter-output>
        </test-method> <!-- Setup -->
        <test-method status="PASS" signature="addNewCustomer()[pri:0, instance:com.inetBanking.Testcases.TC_AddCustomerTest_003@1e469dfd]" name="addNewCustomer" duration-ms="9884" started-at="2020-04-21T02:21:13 IST" finished-at="2020-04-21T02:21:23 IST">
          <reporter-output>
          </reporter-output>
        </test-method> <!-- addNewCustomer -->
        <test-method status="PASS" signature="Teardown()[pri:0, instance:com.inetBanking.Testcases.TC_AddCustomerTest_003@1e469dfd]" name="Teardown" is-config="true" duration-ms="627" started-at="2020-04-21T02:21:23 IST" finished-at="2020-04-21T02:21:24 IST">
          <reporter-output>
          </reporter-output>
        </test-method> <!-- Teardown -->
      </class> <!-- com.inetBanking.Testcases.TC_AddCustomerTest_003 -->
    </test> <!-- Banking Application -->
  </suite> <!-- InetBanking -->
</testng-results>
